AndroidStudio/Bluetooth/app/build/intermediates/manifest_merge_blame_file/release/manifest-merger-blame-release-report.txt
1<?xml version="1.0" encoding="utf-8"?>
2<manifest xmlns:android="http://schemas.android.com/apk/res/android"
3    package="com.example.bluetooth"
4    android:versionCode="1"
5    android:versionName="1.0" >
6
7    <uses-sdk
8        android:minSdkVersion="17"
8-->src\main\AndroidManifest.xml
9        android:targetSdkVersion="29" />
9-->src\main\AndroidManifest.xml
10
11    <uses-permission android:name="android.permission.BLUETOOTH" />
11-->src\main\AndroidManifest.xml:5:5-68
11-->src\main\AndroidManifest.xml:5:22-65
12    <uses-permission android:name="android.permission.BLUETOOTH_ADMIN" />
12-->src\main\AndroidManifest.xml:6:5-74
12-->src\main\AndroidManifest.xml:6:22-71
13    <uses-permission android:name="android.permission.ACCESS_FINE_LOCATION" />
13-->src\main\AndroidManifest.xml:7:5-79
13-->src\main\AndroidManifest.xml:7:22-76
14    <uses-permission android:name="android.permission.ACCESS_COARSE_LOCATION" />
14-->src\main\AndroidManifest.xml:8:5-81
14-->src\main\AndroidManifest.xml:8:22-78
15
16    <permission
16-->src\main\AndroidManifest.xml:10:5-12:37
17        android:name="android.permission.BLUETOOTH"
17-->src\main\AndroidManifest.xml:11:9-52
18        android:label="BLUETOOTH" />
18-->src\main\AndroidManifest.xml:12:9-34
19    <permission android:name="android.permission.BLUETOOTH_ADMIN" />
19-->src\main\AndroidManifest.xml:13:5-69
19-->src\main\AndroidManifest.xml:13:17-66
20    <permission android:name="android.permission.ACCESS_FINE_LOCATION" />
20-->src\main\AndroidManifest.xml:14:5-74
20-->src\main\AndroidManifest.xml:14:17-71
21    <permission android:name="android.permission.ACCESS_COARSE_LOCATION" />
21-->src\main\AndroidManifest.xml:15:5-76
21-->src\main\AndroidManifest.xml:15:17-73
22
23    <application
23-->src\main\AndroidManifest.xml:17:5-39:19
24        android:allowBackup="true"
24-->src\main\AndroidManifest.xml:18:9-35
25        android:appComponentFactory="androidx.core.app.CoreComponentFactory"
25-->[androidx.core:core:1.3.1] AndroidManifest.xml:24:18-86
26        android:icon="@mipmap/ic_launcher"
26-->src\main\AndroidManifest.xml:19:9-43
27        android:label="@string/app_name"
27-->src\main\AndroidManifest.xml:20:9-41
28        android:roundIcon="@mipmap/ic_launcher_round"
28-->src\main\AndroidManifest.xml:21:9-54
29        android:supportsRtl="true"
29-->src\main\AndroidManifest.xml:22:9-35
30        android:theme="@style/Theme.Bluetooth" >
30-->src\main\AndroidManifest.xml:23:9-47
31        <activity android:name="com.example.bluetooth.SplashScreen" >
31-->src\main\AndroidManifest.xml:24:9-29:20
31-->src\main\AndroidManifest.xml:24:19-47
32            <intent-filter>
32-->src\main\AndroidManifest.xml:25:13-28:29
33                <action android:name="android.intent.action.MAIN" />
33-->src\main\AndroidManifest.xml:26:17-69
33-->src\main\AndroidManifest.xml:26:25-66
34
35                <category android:name="android.intent.category.LAUNCHER" />
35-->src\main\AndroidManifest.xml:27:17-77
35-->src\main\AndroidManifest.xml:27:27-74
36            </intent-filter>
37        </activity>
38        <activity android:name="com.example.bluetooth.Deshboard" >
38-->src\main\AndroidManifest.xml:30:9-35:20
38-->src\main\AndroidManifest.xml:30:19-44
39            <intent-filter>
39-->src\main\AndroidManifest.xml:31:13-34:29
40                <action android:name="android.bluetooth.device.action.ACL_CONNECTED" />
40-->src\main\AndroidManifest.xml:32:17-88
40-->src\main\AndroidManifest.xml:32:25-85
41                <action android:name="android.bluetooth.device.action.ACL_DISCONNECTED" />
41-->src\main\AndroidManifest.xml:33:17-91
41-->src\main\AndroidManifest.xml:33:25-88
42            </intent-filter>
43        </activity>
44        <activity android:name="com.example.bluetooth.Connect" >
44-->src\main\AndroidManifest.xml:36:9-37:20
44-->src\main\AndroidManifest.xml:36:19-42
45        </activity>
46        <activity android:name="com.example.bluetooth.MainActivity" />
46-->src\main\AndroidManifest.xml:38:9-50
46-->src\main\AndroidManifest.xml:38:19-47
47    </application>
48
49</manifest>